********************************************************************************
DUPLICATOR-LITE PACKAGE-LOG: August 27, 2022 11:17 am
NOTICE: Do NOT post to public sites or forums 
********************************************************************************
VERSION:	1.4.7.2
WORDPRESS:	6.0.1
PHP INFO:	7.2.10 | SAPI: apache2handler
SERVER:		Apache/2.2.31 (Win32) DAV/2 mod_ssl/2.2.31 OpenSSL/1.0.2h mod_fcgid/2.3.9 mod_wsgi/3.4 Python/2.7.6 PHP/7.2.10 mod_perl/2.0.8 Perl/v5.16.3 
PHP TIME LIMIT: (0) no time limit imposed 
PHP MAX MEMORY: 4294967296 (128M default) 
MEMORY STACK: 12MB

********************************************************************************
DATABASE:
********************************************************************************
BUILD MODE:   MYSQLDUMP
MYSQLTIMEOUT: 5000
MYSQLDUMP:    Is Supported
SQL CREATED: 20220827_registracijosforma_3b2dfeeaee8ab3f12725_20220827111747_database.sql
SQL FILE SIZE: 1.37MB (1433618)
SQL FILE TIME: 2022-08-27 11:17:53
SQL RUNTIME: 0.50 sec.

********************************************************************************
ARCHIVE (ZIP):
********************************************************************************
ARCHIVE DIR:  D:/Projektai/Registracijos forma
ARCHIVE FILE: 20220827_registracijosforma_3b2dfeeaee8ab3f12725_20220827111747_archive.zip
FILTERS: *ON*
DIRS:
	D:/Projektai/Registracijos forma/wp-content/themes/registracijos_forma/node_modules
FILES:
	not set
EXTS:  not set
----------------------------------------
COMPRESSING
SIZE:	66.28MB
STATS:	Dirs 390 | Files 3,295
SQL ADDED: 20220827_registracijosforma_3b2dfeeaee8ab3f12725_20220827111747_database.sql
ZipArchive Object
(
    [status] => 0
    [statusSys] => 0
    [numFiles] => 3685
    [filename] => D:\Projektai\Registracijos forma\wp-content\backups-dup-lite\tmp\20220827_registracijosforma_3b2dfeeaee8ab3f12725_20220827111747_archive.zip
    [comment] => 
)

FILE ADDED TO ZIP: 3684
COMPRESSION RESULT: '1'
COMPRESSED SIZE: 19.4MB
ARCHIVE RUNTIME: 5.86 sec.
MEMORY STACK: 12MB
building installer
add_extra_files1
add_extra_files2
add_extra_files3
add_extra_files4
Doing archive file check
add_extra_files5
add_extra_files6
add_extra_files8
Successfully opened zip D:/Projektai/Registracijos forma/wp-content/backups-dup-lite/tmp/20220827_registracijosforma_3b2dfeeaee8ab3f12725_20220827111747_archive.zip
Adding enhanced installer files to archive using ZipArchive
Installer files added to archive
Added to archive
After ziparchive close when adding installer

********************************************************************************
INTEGRITY CHECKS:
********************************************************************************
SQL FILE: 1.37MB
INSTALLER FILE: 64.75KB
ARCHIVE FILE: 20.41MB 
EXPECTED FILE/DIRECTORY COUNT: 3,685
ACTUAL FILE/DIRECTORY COUNT: 3,684
ARCHIVE CONSISTENCY TEST: Pass

********************************************************************************
RECORD ID:[2]
TOTAL PROCESS RUNTIME: 6.94 sec.
PEAK PHP MEMORY USED: 14MB
DONE PROCESSING => 20220827_registracijosforma August 27, 2022 11:17 am

